[23:03:35.966][info] [#0:/Users/kaiz/.config/coc/extensions/coc-sumneko-lua-data/sumneko-lua-ls/extension/server/main.lua:49]: Lua Lsp startup, root: 	/Users/kaiz/.config/coc/extensions/coc-sumneko-lua-data/sumneko-lua-ls/extension/server
[23:03:35.970][debug][#0:/Users/kaiz/.config/coc/extensions/coc-sumneko-lua-data/sumneko-lua-ls/extension/server/main.lua:50]: ROOT:	/Users/kaiz/.config/coc/extensions/coc-sumneko-lua-data/sumneko-lua-ls/extension/server
[23:03:35.970][debug][#0:/Users/kaiz/.config/coc/extensions/coc-sumneko-lua-data/sumneko-lua-ls/extension/server/main.lua:51]: LOGPATH:	/Users/kaiz/.config/coc/extensions/coc-sumneko-lua-data/sumneko-lua-ls/extension/server/log
[23:03:35.970][debug][#0:/Users/kaiz/.config/coc/extensions/coc-sumneko-lua-data/sumneko-lua-ls/extension/server/main.lua:52]: METAPATH:	/Users/kaiz/.config/coc/extensions/coc-sumneko-lua-data/sumneko-lua-ls/extension/server/meta
[23:03:35.973][debug][#0:/Users/kaiz/.config/coc/extensions/coc-sumneko-lua-data/sumneko-lua-ls/extension/server/main.lua:53]: VERSION:	2.4.7
[23:03:36.638][info] [#0:script/service/telemetry.lua:21]: Telemetry Token:	31BA81C1B1FA7948
[23:03:36.774][info] [#0:script/pub/pub.lua:48]: Create brave:	1
[23:03:36.775][info] [#0:script/pub/pub.lua:48]: Create brave:	2
[23:03:36.775][info] [#0:script/pub/pub.lua:48]: Create brave:	3
[23:03:36.776][info] [#0:script/pub/pub.lua:48]: Create brave:	4
[23:03:36.781][debug][#0:script/service/service.lua:138]: 
========= Medical Examination Report =========
    --------------- Memory ---------------
        Total: 1.297 MB
        # 00 : 1.297 MB
        # 01 : 0.000 MB
        # 02 : 0.000 MB
        # 03 : 0.000 MB
        # 04 : 0.000 MB
    --------------- Coroutine ---------------
        Total:     0
        Running:   0
        Suspended: 0
        Normal:    0
        Dead:      0
    --------------- Cache ---------------
        Total: 1
        Dead:  0
    --------------- Proto ---------------
        Holdon:   0
        Waiting:  0
==============================================
[23:03:37.337][debug][#0:script/client.lua:251]: Client init	{
    capabilities = {
        general = {
            markdown = {
                parser = "marked",
                version = "1.1.0",
            },
            regularExpressions = {
                engine = "ECMAScript",
                version = "ES2020",
            },
        },
        textDocument = {
            callHierarchy = {
                dynamicRegistration = true,
            },
            codeAction = {
                codeActionLiteralSupport = {
                    codeActionKind = {
                        valueSet = {
                            [1] = "",
                            [2] = "quickfix",
                            [3] = "refactor",
                            [4] = "refactor.extract",
                            [5] = "refactor.inline",
                            [6] = "refactor.rewrite",
                            [7] = "source",
                            [8] = "source.organizeImports",
                        },
                    },
                },
                dataSupport = true,
                disabledSupport = true,
                dynamicRegistration = true,
                honorsChangeAnnotations = false,
                isPreferredSupport = true,
                resolveSupport = {
                    properties = {
                        [1] = "edit",
                    },
                },
            },
            codeLens = {
                dynamicRegistration = true,
            },
            colorProvider = {
                dynamicRegistration = true,
            },
            completion = {
                completionItem = {
                    commitCharactersSupport = true,
                    deprecatedSupport = true,
                    documentationFormat = {
                        [1] = "markdown",
                        [2] = "plaintext",
                    },
                    insertReplaceSupport = true,
                    insertTextModeSupport = {
                        valueSet = {
                            [1] = 1,
                            [2] = 2,
                        },
                    },
                    preselectSupport = true,
                    resolveSupport = {
                        properties = {
                            [1] = "documentation",
                            [2] = "detail",
                            [3] = "additionalTextEdits",
                        },
                    },
                    snippetSupport = true,
                    tagSupport = {
                        valueSet = {
                            [1] = 1,
                        },
                    },
                },
                completionItemKind = {
                    valueSet = {
                        [01] = 1,
                        [02] = 2,
                        [03] = 3,
                        [04] = 4,
                        [05] = 5,
                        [06] = 6,
                        [07] = 7,
                        [08] = 8,
                        [09] = 9,
                        [10] = 10,
                        [11] = 11,
                        [12] = 12,
                        [13] = 13,
                        [14] = 14,
                        [15] = 15,
                        [16] = 16,
                        [17] = 17,
                        [18] = 18,
                        [19] = 19,
                        [20] = 20,
                        [21] = 21,
                        [22] = 22,
                        [23] = 23,
                        [24] = 24,
                        [25] = 25,
                    },
                },
                contextSupport = true,
                dynamicRegistration = true,
            },
            declaration = {
                dynamicRegistration = true,
            },
            definition = {
                dynamicRegistration = true,
            },
            documentHighlight = {
                dynamicRegistration = true,
            },
            documentLink = {
                dynamicRegistration = true,
                tooltipSupport = true,
            },
            documentSymbol = {
                dynamicRegistration = true,
                hierarchicalDocumentSymbolSupport = true,
                symbolKind = {
                    valueSet = {
                        [01] = 1,
                        [02] = 2,
                        [03] = 3,
                        [04] = 4,
                        [05] = 5,
                        [06] = 6,
                        [07] = 7,
                        [08] = 8,
                        [09] = 9,
                        [10] = 10,
                        [11] = 11,
                        [12] = 12,
                        [13] = 13,
                        [14] = 14,
                        [15] = 15,
                        [16] = 16,
                        [17] = 17,
                        [18] = 18,
                        [19] = 19,
                        [20] = 20,
                        [21] = 21,
                        [22] = 22,
                        [23] = 23,
                        [24] = 24,
                        [25] = 25,
                        [26] = 26,
                    },
                },
                tagSupport = {
                    valueSet = {
                        [1] = 1,
                    },
                },
            },
            foldingRange = {
                dynamicRegistration = true,
                lineFoldingOnly = true,
                rangeLimit = 5000,
            },
            formatting = {
                dynamicRegistration = true,
            },
            hover = {
                contentFormat = {
                    [1] = "markdown",
                    [2] = "plaintext",
                },
                dynamicRegistration = true,
            },
            implementation = {
                dynamicRegistration = true,
            },
            linkedEditingRange = {
                dynamicRegistration = true,
            },
            onTypeFormatting = {
                dynamicRegistration = true,
            },
            publishDiagnostics = {
                relatedInformation = true,
                tagSupport = {
                    valueSet = {
                        [1] = 1,
                        [2] = 2,
                    },
                },
                versionSupport = false,
            },
            rangeFormatting = {
                dynamicRegistration = true,
            },
            references = {
                dynamicRegistration = true,
            },
            rename = {
                dynamicRegistration = true,
                prepareSupport = true,
            },
            selectionRange = {
                dynamicRegistration = true,
            },
            semanticTokens = {
                dynamicRegistration = true,
                formats = {
                    [1] = "relative",
                },
                multilineTokenSupport = false,
                overlappingTokenSupport = false,
                requests = {
                    full = {
                        delta = true,
                    },
                    range = true,
                },
                tokenModifiers = {
                    [01] = "declaration",
                    [02] = "definition",
                    [03] = "readonly",
                    [04] = "static",
                    [05] = "deprecated",
                    [06] = "abstract",
                    [07] = "async",
                    [08] = "modification",
                    [09] = "documentation",
                    [10] = "defaultLibrary",
                },
                tokenTypes = {
                    [01] = "namespace",
                    [02] = "type",
                    [03] = "class",
                    [04] = "enum",
                    [05] = "interface",
                    [06] = "struct",
                    [07] = "typeParameter",
                    [08] = "parameter",
                    [09] = "variable",
                    [10] = "property",
                    [11] = "enumMember",
                    [12] = "event",
                    [13] = "function",
                    [14] = "method",
                    [15] = "macro",
                    [16] = "keyword",
                    [17] = "modifier",
                    [18] = "comment",
                    [19] = "string",
                    [20] = "number",
                    [21] = "regexp",
                    [22] = "operator",
                },
            },
            signatureHelp = {
                contextSupport = true,
                dynamicRegistration = true,
                signatureInformation = {
                    activeParameterSupport = true,
                    documentationFormat = {
                        [1] = "markdown",
                        [2] = "plaintext",
                    },
                    parameterInformation = {
                        labelOffsetSupport = true,
                    },
                },
            },
            synchronization = {
                didSave = true,
                dynamicRegistration = true,
                willSave = true,
                willSaveWaitUntil = true,
            },
            typeDefinition = {
                dynamicRegistration = true,
            },
        },
        window = {
            showDocument = {
                support = false,
            },
            showMessage = {
                messageActionItem = {
                    additionalPropertiesSupport = false,
                },
            },
            workDoneProgress = true,
        },
        workspace = {
            applyEdit = true,
            codeLens = {
                refreshSupport = true,
            },
            configuration = true,
            didChangeConfiguration = {
                dynamicRegistration = true,
            },
            didChangeWatchedFiles = {
                dynamicRegistration = true,
            },
            executeCommand = {
                dynamicRegistration = true,
            },
            fileOperations = {
                didCreate = true,
                didDelete = true,
                didRename = true,
                dynamicRegistration = true,
                willCreate = true,
                willDelete = true,
                willRename = true,
            },
            semanticTokens = {
                refreshSupport = true,
            },
            symbol = {
                dynamicRegistration = true,
                symbolKind = {
                    valueSet = {
                        [01] = 1,
                        [02] = 2,
                        [03] = 3,
                        [04] = 4,
                        [05] = 5,
                        [06] = 6,
                        [07] = 7,
                        [08] = 8,
                        [09] = 9,
                        [10] = 10,
                        [11] = 11,
                        [12] = 12,
                        [13] = 13,
                        [14] = 14,
                        [15] = 15,
                        [16] = 16,
                        [17] = 17,
                        [18] = 18,
                        [19] = 19,
                        [20] = 20,
                        [21] = 21,
                        [22] = 22,
                        [23] = 23,
                        [24] = 24,
                        [25] = 25,
                        [26] = 26,
                    },
                },
                tagSupport = {
                    valueSet = {
                        [1] = 1,
                    },
                },
            },
            workspaceEdit = {
                documentChanges = true,
                failureHandling = "textOnlyTransactional",
                resourceOperations = {
                    [1] = "create",
                    [2] = "rename",
                    [3] = "delete",
                },
            },
            workspaceFolders = true,
        },
    },
    clientInfo = {
        name = "coc.nvim",
        version = "0.0.80",
    },
    initializationOptions = {
        changeConfiguration = true,
    },
    locale = "en_US",
    processId = 14764,
    rootPath = "/Users/kaiz/.config",
    rootUri = "file:///Users/kaiz/.config",
    trace = "off",
    workDoneToken = "85322359-6374-44ea-936e-6926d1d36589",
    workspaceFolders = {
        [1] = {
            name = ".config",
            uri = "file:///Users/kaiz/.config",
        },
    },
}
[23:03:37.338][info] [#0:script/language.lua:135]: VSC language: en-us
[23:03:37.338][info] [#0:script/language.lua:136]: LS  language: en-us
[23:03:37.342][info] [#0:script/workspace/workspace.lua:34]: Workspace inited: 	file:///Users/kaiz/.config
[23:03:37.342][info] [#0:script/workspace/workspace.lua:43]: Log path: 	/Users/kaiz/.config/coc/extensions/coc-sumneko-lua-data/sumneko-lua-ls/extension/server/log/file_Users_kaiz_.config.log
